This file contains any messages produced by compilers while
running configure, to aid debugging if configure makes a mistake.

It was created by OpenFst configure 1.5.0, which was
generated by GNU Autoconf 2.69.  Invocation command line was

  $ ./configure 

## --------- ##
## Platform. ##
## --------- ##

hostname = Jeremies-MBP.lan
uname -m = x86_64
uname -r = 14.5.0
uname -s = Darwin
uname -v = Darwin Kernel Version 14.5.0: Wed Jul 29 02:26:53 PDT 2015; root:xnu-2782.40.9~1/RELEASE_X86_64

/usr/bin/uname -p = i386
/bin/uname -X     = unknown

/bin/arch              = unknown
/usr/bin/arch -k       = unknown
/usr/convex/getsysinfo = unknown
/usr/bin/hostinfo      = Mach kernel version:
	 Darwin Kernel Version 14.5.0: Wed Jul 29 02:26:53 PDT 2015; root:xnu-2782.40.9~1/RELEASE_X86_64
Kernel configured for up to 8 processors.
4 processors are physically available.
8 processors are logically available.
Processor type: x86_64h (Intel x86-64h Haswell)
Processors active: 0 1 2 3 4 5 6 7
Primary memory available: 16.00 gigabytes
Default processor set: 365 tasks, 1806 threads, 8 processors
Load average: 2.06, Mach factor: 5.93
/bin/machine           = unknown
/usr/bin/oslevel       = unknown
/bin/universe          = unknown

PATH: /Users/jeremieroche/anaconda/bin
PATH: /usr/local/bin
PATH: /usr/bin
PATH: /bin
PATH: /usr/sbin
PATH: /sbin


## ----------- ##
## Core tests. ##
## ----------- ##

configure:2363: checking for a BSD-compatible install
configure:2431: result: /usr/bin/install -c
configure:2442: checking whether build environment is sane
configure:2497: result: yes
configure:2648: checking for a thread-safe mkdir -p
configure:2687: result: ./install-sh -c -d
configure:2694: checking for gawk
configure:2724: result: no
configure:2694: checking for mawk
configure:2724: result: no
configure:2694: checking for nawk
configure:2724: result: no
configure:2694: checking for awk
configure:2710: found /usr/bin/awk
configure:2721: result: awk
configure:2732: checking whether make sets $(MAKE)
configure:2754: result: yes
configure:2783: checking whether make supports nested variables
configure:2800: result: yes
configure:2937: checking for style of include used by make
configure:2965: result: GNU
configure:3036: checking for gcc
configure:3052: found /usr/bin/gcc
configure:3063: result: gcc
configure:3292: checking for C compiler version
configure:3301: gcc --version >&5
Apple LLVM version 7.0.0 (clang-700.1.76)
Target: x86_64-apple-darwin14.5.0
Thread model: posix
Configured with: --prefix=/Applications/Xcode.app/Contents/Developer/usr --with-gxx-include-dir=/Applications/Xcode.app/Contents/Developer/Platforms/MacOSX.platform/Developer/SDKs/MacOSX10.11.sdk/usr/include/c++/4.2.1
configure:3312: $? = 0
configure:3301: gcc -v >&5
Configured with: --prefix=/Applications/Xcode.app/Contents/Developer/usr --with-gxx-include-dir=/Applications/Xcode.app/Contents/Developer/Platforms/MacOSX.platform/Developer/SDKs/MacOSX10.11.sdk/usr/include/c++/4.2.1
Apple LLVM version 7.0.0 (clang-700.1.76)
Target: x86_64-apple-darwin14.5.0
Thread model: posix
configure:3312: $? = 0
configure:3301: gcc -V >&5
clang: error: argument to '-V' is missing (expected 1 value)
clang: error: no input files
configure:3312: $? = 1
configure:3301: gcc -qversion >&5
clang: error: unknown argument: '-qversion'
clang: error: no input files
configure:3312: $? = 1
configure:3332: checking whether the C compiler works
configure:3354: gcc    conftest.c  >&5
configure:3358: $? = 0
configure:3406: result: yes
configure:3409: checking for C compiler default output file name
configure:3411: result: a.out
configure:3417: checking for suffix of executables
configure:3424: gcc -o conftest    conftest.c  >&5
configure:3428: $? = 0
configure:3450: result: 
configure:3472: checking whether we are cross compiling
configure:3480: gcc -o conftest    conftest.c  >&5
configure:3484: $? = 0
configure:3491: ./conftest
configure:3495: $? = 0
configure:3510: result: no
configure:3515: checking for suffix of object files
configure:3537: gcc -c   conftest.c >&5
configure:3541: $? = 0
configure:3562: result: o
configure:3566: checking whether we are using the GNU C compiler
configure:3585: gcc -c   conftest.c >&5
configure:3585: $? = 0
configure:3594: result: yes
configure:3603: checking whether gcc accepts -g
configure:3623: gcc -c -g  conftest.c >&5
configure:3623: $? = 0
configure:3664: result: yes
configure:3681: checking for gcc option to accept ISO C89
configure:3744: gcc  -c -g -O2  conftest.c >&5
configure:3744: $? = 0
configure:3757: result: none needed
configure:3782: checking whether gcc understands -c and -o together
configure:3804: gcc -c conftest.c -o conftest2.o
configure:3807: $? = 0
configure:3804: gcc -c conftest.c -o conftest2.o
configure:3807: $? = 0
configure:3819: result: yes
configure:3838: checking dependency style of gcc
configure:3949: result: gcc3
configure:4014: checking for ar
configure:4030: found /usr/bin/ar
configure:4041: result: ar
configure:4067: checking the archiver (ar) interface
configure:4083: gcc -c -g -O2  conftest.c >&5
configure:4083: $? = 0
configure:4085: ar cru libconftest.a conftest.o >&5
configure:4088: $? = 0
configure:4116: result: ar
configure:4197: checking for g++
configure:4213: found /usr/bin/g++
configure:4224: result: g++
configure:4251: checking for C++ compiler version
configure:4260: g++ --version >&5
Apple LLVM version 7.0.0 (clang-700.1.76)
Target: x86_64-apple-darwin14.5.0
Thread model: posix
Configured with: --prefix=/Applications/Xcode.app/Contents/Developer/usr --with-gxx-include-dir=/Applications/Xcode.app/Contents/Developer/Platforms/MacOSX.platform/Developer/SDKs/MacOSX10.11.sdk/usr/include/c++/4.2.1
configure:4271: $? = 0
configure:4260: g++ -v >&5
Configured with: --prefix=/Applications/Xcode.app/Contents/Developer/usr --with-gxx-include-dir=/Applications/Xcode.app/Contents/Developer/Platforms/MacOSX.platform/Developer/SDKs/MacOSX10.11.sdk/usr/include/c++/4.2.1
Apple LLVM version 7.0.0 (clang-700.1.76)
Target: x86_64-apple-darwin14.5.0
Thread model: posix
configure:4271: $? = 0
configure:4260: g++ -V >&5
clang: error: argument to '-V' is missing (expected 1 value)
clang: error: no input files
configure:4271: $? = 1
configure:4260: g++ -qversion >&5
clang: error: unknown argument: '-qversion'
clang: error: no input files
configure:4271: $? = 1
configure:4275: checking whether we are using the GNU C++ compiler
configure:4294: g++ -c  -std=c++11  conftest.cpp >&5
configure:4294: $? = 0
configure:4303: result: yes
configure:4312: checking whether g++ accepts -g
configure:4332: g++ -c -g  conftest.cpp >&5
configure:4332: $? = 0
configure:4373: result: yes
configure:4398: checking dependency style of g++
configure:4509: result: gcc3
configure:4584: checking build system type
configure:4598: result: x86_64-apple-darwin14.5.0
configure:4618: checking host system type
configure:4631: result: x86_64-apple-darwin14.5.0
configure:4672: checking how to print strings
configure:4699: result: printf
configure:4720: checking for a sed that does not truncate output
configure:4784: result: /usr/bin/sed
configure:4802: checking for grep that handles long lines and -e
configure:4860: result: /usr/bin/grep
configure:4865: checking for egrep
configure:4927: result: /usr/bin/grep -E
configure:4932: checking for fgrep
configure:4994: result: /usr/bin/grep -F
configure:5029: checking for ld used by gcc
configure:5096: result: /Applications/Xcode.app/Contents/Developer/Toolchains/XcodeDefault.xctoolchain/usr/bin/ld
configure:5103: checking if the linker (/Applications/Xcode.app/Contents/Developer/Toolchains/XcodeDefault.xctoolchain/usr/bin/ld) is GNU ld
configure:5118: result: no
configure:5130: checking for BSD- or MS-compatible name lister (nm)
configure:5179: result: /usr/bin/nm
configure:5309: checking the name lister (/usr/bin/nm) interface
configure:5316: gcc -c -g -O2  conftest.c >&5
configure:5319: /usr/bin/nm "conftest.o"
configure:5322: output
0000000000000200 S _some_variable
configure:5329: result: BSD nm
configure:5332: checking whether ln -s works
configure:5336: result: yes
configure:5344: checking the maximum length of command line arguments
configure:5475: result: 196608
configure:5492: checking whether the shell understands some XSI constructs
configure:5502: result: yes
configure:5506: checking whether the shell understands "+="
configure:5512: result: yes
configure:5547: checking how to convert x86_64-apple-darwin14.5.0 file names to x86_64-apple-darwin14.5.0 format
configure:5587: result: func_convert_file_noop
configure:5594: checking how to convert x86_64-apple-darwin14.5.0 file names to toolchain format
configure:5614: result: func_convert_file_noop
configure:5621: checking for /Applications/Xcode.app/Contents/Developer/Toolchains/XcodeDefault.xctoolchain/usr/bin/ld option to reload object files
configure:5628: result: -r
configure:5702: checking for objdump
configure:5732: result: no
configure:5761: checking how to recognize dependent libraries
configure:5959: result: pass_all
configure:6044: checking for dlltool
configure:6074: result: no
configure:6104: checking how to associate runtime and link libraries
configure:6131: result: printf %s\n
configure:6255: checking for archiver @FILE support
configure:6272: gcc -c -g -O2  conftest.c >&5
configure:6272: $? = 0
configure:6275: ar cru libconftest.a @conftest.lst >&5
ar: @conftest.lst: No such file or directory
configure:6278: $? = 1
configure:6298: result: no
configure:6356: checking for strip
configure:6372: found /usr/bin/strip
configure:6383: result: strip
configure:6455: checking for ranlib
configure:6471: found /usr/bin/ranlib
configure:6482: result: ranlib
configure:6584: checking command to parse /usr/bin/nm output from gcc object
configure:6704: gcc -c -g -O2  conftest.c >&5
configure:6707: $? = 0
configure:6711: /usr/bin/nm conftest.o \| sed -n -e 's/^.*[ ]\([BCDEGRST][BCDEGRST]*\)[ ][ ]*\([_A-Za-z][_A-Za-z0-9]*\)$/\1 \2 \2/p' | sed '/ __gnu_lto/d' \> conftest.nm
configure:6714: $? = 0
cannot find nm_test_var in conftest.nm
configure:6704: gcc -c -g -O2  conftest.c >&5
configure:6707: $? = 0
configure:6711: /usr/bin/nm conftest.o \| sed -n -e 's/^.*[ ]\([BCDEGRST][BCDEGRST]*\)[ ][ ]*_\([_A-Za-z][_A-Za-z0-9]*\)$/\1 _\2 \2/p' | sed '/ __gnu_lto/d' \> conftest.nm
configure:6714: $? = 0
configure:6780: gcc -o conftest -g -O2   conftest.c conftstm.o >&5
warning: (x86_64)  could not find object file symbol for symbol _main
configure:6783: $? = 0
configure:6821: result: ok
configure:6858: checking for sysroot
configure:6888: result: no
configure:7157: checking for mt
configure:7187: result: no
configure:7207: checking if : is a manifest tool
configure:7213: : '-?'
configure:7221: result: no
configure:7277: checking for dsymutil
configure:7293: found /usr/bin/dsymutil
configure:7304: result: dsymutil
configure:7369: checking for nmedit
configure:7385: found /usr/bin/nmedit
configure:7396: result: nmedit
configure:7461: checking for lipo
configure:7477: found /usr/bin/lipo
configure:7488: result: lipo
configure:7553: checking for otool
configure:7569: found /usr/bin/otool
configure:7580: result: otool
configure:7645: checking for otool64
configure:7675: result: no
configure:7720: checking for -single_module linker flag
gcc -g -O2  -o libconftest.dylib -dynamiclib -Wl,-single_module conftest.c
configure:7753: result: yes
configure:7756: checking for -exported_symbols_list linker flag
configure:7776: gcc -o conftest -g -O2   -Wl,-exported_symbols_list,conftest.sym conftest.c  >&5
configure:7776: $? = 0
configure:7786: result: yes
configure:7789: checking for -force_load linker flag
gcc -g -O2 -c -o conftest.o conftest.c
ar cru libconftest.a conftest.o
ranlib libconftest.a
gcc -g -O2  -o conftest conftest.c -Wl,-force_load,./libconftest.a
configure:7821: result: yes
configure:7863: checking how to run the C preprocessor
configure:7894: gcc -E  conftest.c
configure:7894: $? = 0
configure:7908: gcc -E  conftest.c
conftest.c:11:10: fatal error: 'ac_nonexistent.h' file not found
#include <ac_nonexistent.h>
         ^
1 error generated.
configure:7908: $? = 1
configure: failed program was:
| /* confdefs.h */
| #define PACKAGE_NAME "OpenFst"
| #define PACKAGE_TARNAME "openfst"
| #define PACKAGE_VERSION "1.5.0"
| #define PACKAGE_STRING "OpenFst 1.5.0"
| #define PACKAGE_BUGREPORT "help@www.openfst.org"
| #define PACKAGE_URL ""
| #define PACKAGE "openfst"
| #define VERSION "1.5.0"
| /* end confdefs.h.  */
| #include <ac_nonexistent.h>
configure:7933: result: gcc -E
configure:7953: gcc -E  conftest.c
configure:7953: $? = 0
configure:7967: gcc -E  conftest.c
conftest.c:11:10: fatal error: 'ac_nonexistent.h' file not found
#include <ac_nonexistent.h>
         ^
1 error generated.
configure:7967: $? = 1
configure: failed program was:
| /* confdefs.h */
| #define PACKAGE_NAME "OpenFst"
| #define PACKAGE_TARNAME "openfst"
| #define PACKAGE_VERSION "1.5.0"
| #define PACKAGE_STRING "OpenFst 1.5.0"
| #define PACKAGE_BUGREPORT "help@www.openfst.org"
| #define PACKAGE_URL ""
| #define PACKAGE "openfst"
| #define VERSION "1.5.0"
| /* end confdefs.h.  */
| #include <ac_nonexistent.h>
configure:7996: checking for ANSI C header files
configure:8016: gcc -c -g -O2  conftest.c >&5
configure:8016: $? = 0
configure:8089: gcc -o conftest -g -O2   conftest.c  >&5
configure:8089: $? = 0
configure:8089: ./conftest
configure:8089: $? = 0
configure:8100: result: yes
configure:8113: checking for sys/types.h
configure:8113: gcc -c -g -O2  conftest.c >&5
configure:8113: $? = 0
configure:8113: result: yes
configure:8113: checking for sys/stat.h
configure:8113: gcc -c -g -O2  conftest.c >&5
configure:8113: $? = 0
configure:8113: result: yes
configure:8113: checking for stdlib.h
configure:8113: gcc -c -g -O2  conftest.c >&5
configure:8113: $? = 0
configure:8113: result: yes
configure:8113: checking for string.h
configure:8113: gcc -c -g -O2  conftest.c >&5
configure:8113: $? = 0
configure:8113: result: yes
configure:8113: checking for memory.h
configure:8113: gcc -c -g -O2  conftest.c >&5
configure:8113: $? = 0
configure:8113: result: yes
configure:8113: checking for strings.h
configure:8113: gcc -c -g -O2  conftest.c >&5
configure:8113: $? = 0
configure:8113: result: yes
configure:8113: checking for inttypes.h
configure:8113: gcc -c -g -O2  conftest.c >&5
configure:8113: $? = 0
configure:8113: result: yes
configure:8113: checking for stdint.h
configure:8113: gcc -c -g -O2  conftest.c >&5
configure:8113: $? = 0
configure:8113: result: yes
configure:8113: checking for unistd.h
configure:8113: gcc -c -g -O2  conftest.c >&5
configure:8113: $? = 0
configure:8113: result: yes
configure:8127: checking for dlfcn.h
configure:8127: gcc -c -g -O2  conftest.c >&5
configure:8127: $? = 0
configure:8127: result: yes
configure:8314: checking for objdir
configure:8329: result: .libs
configure:8600: checking if gcc supports -fno-rtti -fno-exceptions
configure:8618: gcc -c -g -O2  -fno-rtti -fno-exceptions conftest.c >&5
configure:8622: $? = 0
configure:8635: result: yes
configure:8962: checking for gcc option to produce PIC
configure:8969: result: -fno-common -DPIC
configure:8977: checking if gcc PIC flag -fno-common -DPIC works
configure:8995: gcc -c -g -O2  -fno-common -DPIC -DPIC conftest.c >&5
configure:8999: $? = 0
configure:9012: result: yes
configure:9041: checking if gcc static flag -static works
configure:9069: result: no
configure:9084: checking if gcc supports -c -o file.o
configure:9105: gcc -c -g -O2  -o out/conftest2.o conftest.c >&5
configure:9109: $? = 0
configure:9131: result: yes
configure:9139: checking if gcc supports -c -o file.o
configure:9186: result: yes
configure:9219: checking whether the gcc linker (/Applications/Xcode.app/Contents/Developer/Toolchains/XcodeDefault.xctoolchain/usr/bin/ld) supports shared libraries
configure:10376: result: yes
configure:10616: checking dynamic linker characteristics
configure:11350: result: darwin14.5.0 dyld
configure:11457: checking how to hardcode library paths into programs
configure:11482: result: immediate
configure:12022: checking whether stripping libraries is possible
configure:12036: result: yes
configure:12062: checking if libtool supports shared libraries
configure:12064: result: yes
configure:12067: checking whether to build shared libraries
configure:12088: result: yes
configure:12091: checking whether to build static libraries
configure:12095: result: no
configure:12118: checking how to run the C++ preprocessor
configure:12145: g++ -E  conftest.cpp
configure:12145: $? = 0
configure:12159: g++ -E  conftest.cpp
conftest.cpp:23:10: fatal error: 'ac_nonexistent.h' file not found
#include <ac_nonexistent.h>
         ^
1 error generated.
configure:12159: $? = 1
configure: failed program was:
| /* confdefs.h */
| #define PACKAGE_NAME "OpenFst"
| #define PACKAGE_TARNAME "openfst"
| #define PACKAGE_VERSION "1.5.0"
| #define PACKAGE_STRING "OpenFst 1.5.0"
| #define PACKAGE_BUGREPORT "help@www.openfst.org"
| #define PACKAGE_URL ""
| #define PACKAGE "openfst"
| #define VERSION "1.5.0"
| #define STDC_HEADERS 1
| #define HAVE_SYS_TYPES_H 1
| #define HAVE_SYS_STAT_H 1
| #define HAVE_STDLIB_H 1
| #define HAVE_STRING_H 1
| #define HAVE_MEMORY_H 1
| #define HAVE_STRINGS_H 1
| #define HAVE_INTTYPES_H 1
| #define HAVE_STDINT_H 1
| #define HAVE_UNISTD_H 1
| #define HAVE_DLFCN_H 1
| #define LT_OBJDIR ".libs/"
| /* end confdefs.h.  */
| #include <ac_nonexistent.h>
configure:12184: result: g++ -E
configure:12204: g++ -E  conftest.cpp
configure:12204: $? = 0
configure:12218: g++ -E  conftest.cpp
conftest.cpp:23:10: fatal error: 'ac_nonexistent.h' file not found
#include <ac_nonexistent.h>
         ^
1 error generated.
configure:12218: $? = 1
configure: failed program was:
| /* confdefs.h */
| #define PACKAGE_NAME "OpenFst"
| #define PACKAGE_TARNAME "openfst"
| #define PACKAGE_VERSION "1.5.0"
| #define PACKAGE_STRING "OpenFst 1.5.0"
| #define PACKAGE_BUGREPORT "help@www.openfst.org"
| #define PACKAGE_URL ""
| #define PACKAGE "openfst"
| #define VERSION "1.5.0"
| #define STDC_HEADERS 1
| #define HAVE_SYS_TYPES_H 1
| #define HAVE_SYS_STAT_H 1
| #define HAVE_STDLIB_H 1
| #define HAVE_STRING_H 1
| #define HAVE_MEMORY_H 1
| #define HAVE_STRINGS_H 1
| #define HAVE_INTTYPES_H 1
| #define HAVE_STDINT_H 1
| #define HAVE_UNISTD_H 1
| #define HAVE_DLFCN_H 1
| #define LT_OBJDIR ".libs/"
| /* end confdefs.h.  */
| #include <ac_nonexistent.h>
configure:12387: checking for ld used by g++
configure:12454: result: /Applications/Xcode.app/Contents/Developer/Toolchains/XcodeDefault.xctoolchain/usr/bin/ld
configure:12461: checking if the linker (/Applications/Xcode.app/Contents/Developer/Toolchains/XcodeDefault.xctoolchain/usr/bin/ld) is GNU ld
configure:12476: result: no
configure:12531: checking whether the g++ linker (/Applications/Xcode.app/Contents/Developer/Toolchains/XcodeDefault.xctoolchain/usr/bin/ld) supports shared libraries
configure:13533: result: yes
configure:13569: g++ -c  -std=c++11  conftest.cpp >&5
configure:13572: $? = 0
configure:14092: checking for g++ option to produce PIC
configure:14099: result: -fno-common -DPIC
configure:14107: checking if g++ PIC flag -fno-common -DPIC works
configure:14125: g++ -c  -std=c++11  -fno-common -DPIC -DPIC conftest.cpp >&5
configure:14129: $? = 0
configure:14142: result: yes
configure:14165: checking if g++ static flag -static works
configure:14193: result: no
configure:14205: checking if g++ supports -c -o file.o
configure:14226: g++ -c  -std=c++11  -o out/conftest2.o conftest.cpp >&5
configure:14230: $? = 0
configure:14252: result: yes
configure:14257: checking if g++ supports -c -o file.o
configure:14304: result: yes
configure:14334: checking whether the g++ linker (/Applications/Xcode.app/Contents/Developer/Toolchains/XcodeDefault.xctoolchain/usr/bin/ld) supports shared libraries
configure:14373: result: yes
configure:14514: checking dynamic linker characteristics
configure:15182: result: darwin14.5.0 dyld
configure:15235: checking how to hardcode library paths into programs
configure:15260: result: immediate
configure:16175: checking that generated files are newer than configure
configure:16181: result: done
configure:16256: creating ./config.status

## ---------------------- ##
## Running config.status. ##
## ---------------------- ##

This file was extended by OpenFst config.status 1.5.0, which was
generated by GNU Autoconf 2.69.  Invocation command line was

  CONFIG_FILES    = 
  CONFIG_HEADERS  = 
  CONFIG_LINKS    = 
  CONFIG_COMMANDS = 
  $ ./config.status 

on Jeremies-MBP.lan

config.status:1197: creating Makefile
config.status:1197: creating src/Makefile
config.status:1197: creating src/include/Makefile
config.status:1197: creating src/lib/Makefile
config.status:1197: creating src/bin/Makefile
config.status:1197: creating src/test/Makefile
config.status:1197: creating src/extensions/Makefile
config.status:1197: creating src/extensions/compact/Makefile
config.status:1197: creating src/extensions/compress/Makefile
config.status:1197: creating src/extensions/const/Makefile
config.status:1197: creating src/extensions/far/Makefile
config.status:1197: creating src/extensions/linear/Makefile
config.status:1197: creating src/extensions/lookahead/Makefile
config.status:1197: creating src/extensions/mpdt/Makefile
config.status:1197: creating src/extensions/ngram/Makefile
config.status:1197: creating src/extensions/pdt/Makefile
config.status:1197: creating src/extensions/python/Makefile
config.status:1197: creating src/script/Makefile
config.status:1197: creating config.h
config.status:1197: creating src/include/fst/config.h
config.status:1378: src/include/fst/config.h is unchanged
config.status:1426: executing depfiles commands
config.status:1426: executing libtool commands

## ---------------- ##
## Cache variables. ##
## ---------------- ##

ac_cv_build=x86_64-apple-darwin14.5.0
ac_cv_c_compiler_gnu=yes
ac_cv_cxx_compiler_gnu=yes
ac_cv_env_CCC_set=
ac_cv_env_CCC_value=
ac_cv_env_CC_set=
ac_cv_env_CC_value=
ac_cv_env_CFLAGS_set=
ac_cv_env_CFLAGS_value=
ac_cv_env_CPPFLAGS_set=
ac_cv_env_CPPFLAGS_value=
ac_cv_env_CPP_set=
ac_cv_env_CPP_value=
ac_cv_env_CXXCPP_set=
ac_cv_env_CXXCPP_value=
ac_cv_env_CXXFLAGS_set=
ac_cv_env_CXXFLAGS_value=
ac_cv_env_CXX_set=
ac_cv_env_CXX_value=
ac_cv_env_LDFLAGS_set=
ac_cv_env_LDFLAGS_value=
ac_cv_env_LIBS_set=
ac_cv_env_LIBS_value=
ac_cv_env_PYTHON_VERSION_set=
ac_cv_env_PYTHON_VERSION_value=
ac_cv_env_PYTHON_set=
ac_cv_env_PYTHON_value=
ac_cv_env_build_alias_set=
ac_cv_env_build_alias_value=
ac_cv_env_host_alias_set=
ac_cv_env_host_alias_value=
ac_cv_env_target_alias_set=
ac_cv_env_target_alias_value=
ac_cv_header_dlfcn_h=yes
ac_cv_header_inttypes_h=yes
ac_cv_header_memory_h=yes
ac_cv_header_stdc=yes
ac_cv_header_stdint_h=yes
ac_cv_header_stdlib_h=yes
ac_cv_header_string_h=yes
ac_cv_header_strings_h=yes
ac_cv_header_sys_stat_h=yes
ac_cv_header_sys_types_h=yes
ac_cv_header_unistd_h=yes
ac_cv_host=x86_64-apple-darwin14.5.0
ac_cv_objext=o
ac_cv_path_EGREP='/usr/bin/grep -E'
ac_cv_path_FGREP='/usr/bin/grep -F'
ac_cv_path_GREP=/usr/bin/grep
ac_cv_path_SED=/usr/bin/sed
ac_cv_path_install='/usr/bin/install -c'
ac_cv_prog_AWK=awk
ac_cv_prog_CPP='gcc -E'
ac_cv_prog_CXXCPP='g++ -E'
ac_cv_prog_ac_ct_AR=ar
ac_cv_prog_ac_ct_CC=gcc
ac_cv_prog_ac_ct_CXX=g++
ac_cv_prog_ac_ct_DSYMUTIL=dsymutil
ac_cv_prog_ac_ct_LIPO=lipo
ac_cv_prog_ac_ct_NMEDIT=nmedit
ac_cv_prog_ac_ct_OTOOL=otool
ac_cv_prog_ac_ct_RANLIB=ranlib
ac_cv_prog_ac_ct_STRIP=strip
ac_cv_prog_cc_c89=
ac_cv_prog_cc_g=yes
ac_cv_prog_cxx_g=yes
ac_cv_prog_make_make_set=yes
am_cv_CC_dependencies_compiler_type=gcc3
am_cv_CXX_dependencies_compiler_type=gcc3
am_cv_ar_interface=ar
am_cv_make_support_nested_variables=yes
am_cv_prog_cc_c_o=yes
lt_cv_apple_cc_single_mod=yes
lt_cv_ar_at_file=no
lt_cv_deplibs_check_method=pass_all
lt_cv_file_magic_cmd='$MAGIC_CMD'
lt_cv_file_magic_test_file=
lt_cv_ld_exported_symbols_list=yes
lt_cv_ld_force_load=yes
lt_cv_ld_reload_flag=-r
lt_cv_nm_interface='BSD nm'
lt_cv_objdir=.libs
lt_cv_path_LD=/Applications/Xcode.app/Contents/Developer/Toolchains/XcodeDefault.xctoolchain/usr/bin/ld
lt_cv_path_LDCXX=/Applications/Xcode.app/Contents/Developer/Toolchains/XcodeDefault.xctoolchain/usr/bin/ld
lt_cv_path_NM=/usr/bin/nm
lt_cv_path_mainfest_tool=no
lt_cv_prog_compiler_c_o=yes
lt_cv_prog_compiler_c_o_CXX=yes
lt_cv_prog_compiler_pic='-fno-common -DPIC'
lt_cv_prog_compiler_pic_CXX='-fno-common -DPIC'
lt_cv_prog_compiler_pic_works=yes
lt_cv_prog_compiler_pic_works_CXX=yes
lt_cv_prog_compiler_rtti_exceptions=yes
lt_cv_prog_compiler_static_works=no
lt_cv_prog_compiler_static_works_CXX=no
lt_cv_prog_gnu_ld=no
lt_cv_prog_gnu_ldcxx=no
lt_cv_sharedlib_from_linklib_cmd='printf %s\n'
lt_cv_sys_global_symbol_pipe='sed -n -e '\''s/^.*[	 ]\([BCDEGRST][BCDEGRST]*\)[	 ][	 ]*_\([_A-Za-z][_A-Za-z0-9]*\)$/\1 _\2 \2/p'\'' | sed '\''/ __gnu_lto/d'\'''
lt_cv_sys_global_symbol_to_c_name_address='sed -n -e '\''s/^: \([^ ]*\)[ ]*$/  {\"\1\", (void *) 0},/p'\'' -e '\''s/^[BCDEGRST]* \([^ ]*\) \([^ ]*\)$/  {"\2", (void *) \&\2},/p'\'''
lt_cv_sys_global_symbol_to_c_name_address_lib_prefix='sed -n -e '\''s/^: \([^ ]*\)[ ]*$/  {\"\1\", (void *) 0},/p'\'' -e '\''s/^[BCDEGRST]* \([^ ]*\) \(lib[^ ]*\)$/  {"\2", (void *) \&\2},/p'\'' -e '\''s/^[BCDEGRST]* \([^ ]*\) \([^ ]*\)$/  {"lib\2", (void *) \&\2},/p'\'''
lt_cv_sys_global_symbol_to_cdecl='sed -n -e '\''s/^T .* \(.*\)$/extern int \1();/p'\'' -e '\''s/^[BCDEGRST]* .* \(.*\)$/extern char \1;/p'\'''
lt_cv_sys_max_cmd_len=196608
lt_cv_to_host_file_cmd=func_convert_file_noop
lt_cv_to_tool_file_cmd=func_convert_file_noop

## ----------------- ##
## Output variables. ##
## ----------------- ##

ACLOCAL='${SHELL} /Users/jeremieroche/Documents/prog/openfst-1.5.0/missing aclocal-1.14'
AMDEPBACKSLASH='\'
AMDEP_FALSE='#'
AMDEP_TRUE=''
AMTAR='$${TAR-tar}'
AM_BACKSLASH='\'
AM_DEFAULT_V='$(AM_DEFAULT_VERBOSITY)'
AM_DEFAULT_VERBOSITY='1'
AM_V='$(V)'
AR='ar'
AUTOCONF='${SHELL} /Users/jeremieroche/Documents/prog/openfst-1.5.0/missing autoconf'
AUTOHEADER='${SHELL} /Users/jeremieroche/Documents/prog/openfst-1.5.0/missing autoheader'
AUTOMAKE='${SHELL} /Users/jeremieroche/Documents/prog/openfst-1.5.0/missing automake-1.14'
AWK='awk'
CC='gcc'
CCDEPMODE='depmode=gcc3'
CFLAGS='-g -O2'
CPP='gcc -E'
CPPFLAGS=''
CXX='g++'
CXXCPP='g++ -E'
CXXDEPMODE='depmode=gcc3'
CXXFLAGS=' -std=c++11'
CYGPATH_W='echo'
DEFS='-DHAVE_CONFIG_H'
DEPDIR='.deps'
DLLTOOL='false'
DSYMUTIL='dsymutil'
DUMPBIN=''
ECHO_C='\c'
ECHO_N=''
ECHO_T=''
EGREP='/usr/bin/grep -E'
EXEEXT=''
FGREP='/usr/bin/grep -F'
GREP='/usr/bin/grep'
HAVE_BIN_FALSE='#'
HAVE_BIN_TRUE=''
HAVE_COMPACT_FALSE=''
HAVE_COMPACT_TRUE='#'
HAVE_COMPRESS_FALSE=''
HAVE_COMPRESS_TRUE='#'
HAVE_CONST_FALSE=''
HAVE_CONST_TRUE='#'
HAVE_FAR_FALSE=''
HAVE_FAR_TRUE='#'
HAVE_LINEAR_FALSE=''
HAVE_LINEAR_TRUE='#'
HAVE_LOOKAHEAD_FALSE=''
HAVE_LOOKAHEAD_TRUE='#'
HAVE_MPDT_FALSE=''
HAVE_MPDT_TRUE='#'
HAVE_NGRAM_FALSE=''
HAVE_NGRAM_TRUE='#'
HAVE_PDT_FALSE=''
HAVE_PDT_TRUE='#'
HAVE_PYTHON_FALSE=''
HAVE_PYTHON_TRUE='#'
HAVE_SCRIPT_FALSE='#'
HAVE_SCRIPT_TRUE=''
INSTALL_DATA='${INSTALL} -m 644'
INSTALL_PROGRAM='${INSTALL}'
INSTALL_SCRIPT='${INSTALL}'
INSTALL_STRIP_PROGRAM='$(install_sh) -c -s'
LD='/Applications/Xcode.app/Contents/Developer/Toolchains/XcodeDefault.xctoolchain/usr/bin/ld'
LDFLAGS=''
LIBOBJS=''
LIBS=''
LIBTOOL='$(SHELL) $(top_builddir)/libtool'
LIPO='lipo'
LN_S='ln -s'
LTLIBOBJS=''
MAKEINFO='${SHELL} /Users/jeremieroche/Documents/prog/openfst-1.5.0/missing makeinfo'
MANIFEST_TOOL=':'
MKDIR_P='./install-sh -c -d'
NM='/usr/bin/nm'
NMEDIT='nmedit'
OBJDUMP='false'
OBJEXT='o'
OTOOL64=':'
OTOOL='otool'
PACKAGE='openfst'
PACKAGE_BUGREPORT='help@www.openfst.org'
PACKAGE_NAME='OpenFst'
PACKAGE_STRING='OpenFst 1.5.0'
PACKAGE_TARNAME='openfst'
PACKAGE_URL=''
PACKAGE_VERSION='1.5.0'
PATH_SEPARATOR=':'
PYTHON=''
PYTHON_CPPFLAGS=''
PYTHON_EXEC_PREFIX=''
PYTHON_EXTRA_LDFLAGS=''
PYTHON_EXTRA_LIBS=''
PYTHON_LDFLAGS=''
PYTHON_PLATFORM=''
PYTHON_PREFIX=''
PYTHON_SITE_PKG=''
PYTHON_VERSION=''
RANLIB='ranlib'
SED='/usr/bin/sed'
SET_MAKE=''
SHELL='/bin/sh'
STRIP='strip'
VERSION='1.5.0'
ac_ct_AR='ar'
ac_ct_CC='gcc'
ac_ct_CXX='g++'
ac_ct_DUMPBIN=''
am__EXEEXT_FALSE=''
am__EXEEXT_TRUE='#'
am__fastdepCC_FALSE='#'
am__fastdepCC_TRUE=''
am__fastdepCXX_FALSE='#'
am__fastdepCXX_TRUE=''
am__include='include'
am__isrc=''
am__leading_dot='.'
am__nodep='_no'
am__quote=''
am__tar='$${TAR-tar} chof - "$$tardir"'
am__untar='$${TAR-tar} xf -'
bindir='${exec_prefix}/bin'
build='x86_64-apple-darwin14.5.0'
build_alias=''
build_cpu='x86_64'
build_os='darwin14.5.0'
build_vendor='apple'
datadir='${datarootdir}'
datarootdir='${prefix}/share'
docdir='${datarootdir}/doc/${PACKAGE_TARNAME}'
dvidir='${docdir}'
exec_prefix='${prefix}'
host='x86_64-apple-darwin14.5.0'
host_alias=''
host_cpu='x86_64'
host_os='darwin14.5.0'
host_vendor='apple'
htmldir='${docdir}'
includedir='${prefix}/include'
infodir='${datarootdir}/info'
install_sh='${SHELL} /Users/jeremieroche/Documents/prog/openfst-1.5.0/install-sh'
libdir='${exec_prefix}/lib'
libexecdir='${exec_prefix}/libexec'
libfstdir='${exec_prefix}/lib/fst'
localedir='${datarootdir}/locale'
localstatedir='${prefix}/var'
mandir='${datarootdir}/man'
mkdir_p='$(MKDIR_P)'
oldincludedir='/usr/include'
pdfdir='${docdir}'
pkgpyexecdir=''
pkgpythondir=''
prefix='/usr/local'
program_transform_name='s,x,x,'
psdir='${docdir}'
pyexecdir=''
pythondir=''
sbindir='${exec_prefix}/sbin'
sharedstatedir='${prefix}/com'
sysconfdir='${prefix}/etc'
target_alias=''

## ----------- ##
## confdefs.h. ##
## ----------- ##

/* confdefs.h */
#define PACKAGE_NAME "OpenFst"
#define PACKAGE_TARNAME "openfst"
#define PACKAGE_VERSION "1.5.0"
#define PACKAGE_STRING "OpenFst 1.5.0"
#define PACKAGE_BUGREPORT "help@www.openfst.org"
#define PACKAGE_URL ""
#define PACKAGE "openfst"
#define VERSION "1.5.0"
#define STDC_HEADERS 1
#define HAVE_SYS_TYPES_H 1
#define HAVE_SYS_STAT_H 1
#define HAVE_STDLIB_H 1
#define HAVE_STRING_H 1
#define HAVE_MEMORY_H 1
#define HAVE_STRINGS_H 1
#define HAVE_INTTYPES_H 1
#define HAVE_STDINT_H 1
#define HAVE_UNISTD_H 1
#define HAVE_DLFCN_H 1
#define LT_OBJDIR ".libs/"

configure: exit 0
